<?xml version="1.0" encoding="UTF-8"?>
<coverage generated="1686457384245" clover="3.2.0">
  <project timestamp="1686457384245" name="All files">
    <metrics statements="62" coveredstatements="62" conditionals="28" coveredconditionals="28" methods="29" coveredmethods="29" elements="119" coveredelements="119" complexity="0" loc="62" ncloc="62" packages="1" files="1" classes="1"/>
    <file name="codigo.js" path="C:\Users\Martin\Projects\Test-FullStack\codigo.js">
      <metrics statements="62" coveredstatements="62" conditionals="28" coveredconditionals="28" methods="29" coveredmethods="29"/>
      <line num="2" count="1" type="stmt"/>
      <line num="22" count="1" type="stmt"/>
      <line num="57" count="1" type="stmt"/>
      <line num="61" count="25" type="stmt"/>
      <line num="62" count="29" type="stmt"/>
      <line num="63" count="4" type="stmt"/>
      <line num="66" count="2" type="stmt"/>
      <line num="71" count="2" type="stmt"/>
      <line num="77" count="1" type="stmt"/>
      <line num="80" count="1" type="stmt"/>
      <line num="82" count="1" type="stmt"/>
      <line num="83" count="10" type="stmt"/>
      <line num="85" count="1" type="stmt"/>
      <line num="86" count="6" type="stmt"/>
      <line num="87" count="2" type="stmt"/>
      <line num="88" count="2" type="stmt"/>
      <line num="89" count="2" type="stmt"/>
      <line num="92" count="1" type="stmt"/>
      <line num="93" count="3" type="stmt"/>
      <line num="97" count="3" type="cond" truecount="2" falsecount="0"/>
      <line num="98" count="1" type="stmt"/>
      <line num="100" count="4" type="stmt"/>
      <line num="101" count="2" type="stmt"/>
      <line num="102" count="2" type="stmt"/>
      <line num="105" count="1" type="stmt"/>
      <line num="106" count="3" type="stmt"/>
      <line num="107" count="24" type="stmt"/>
      <line num="109" count="4" type="stmt"/>
      <line num="110" count="3" type="cond" truecount="2" falsecount="0"/>
      <line num="111" count="1" type="stmt"/>
      <line num="112" count="2" type="stmt"/>
      <line num="113" count="4" type="cond" truecount="2" falsecount="0"/>
      <line num="118" count="1" type="stmt"/>
      <line num="119" count="1" type="stmt"/>
      <line num="120" count="1" type="stmt"/>
      <line num="121" count="10" type="stmt"/>
      <line num="122" count="7" type="stmt"/>
      <line num="125" count="1" type="stmt"/>
      <line num="127" count="4" type="stmt"/>
      <line num="128" count="27" type="stmt"/>
      <line num="130" count="5" type="stmt"/>
      <line num="131" count="4" type="cond" truecount="2" falsecount="0"/>
      <line num="135" count="3" type="stmt"/>
      <line num="136" count="20" type="cond" truecount="2" falsecount="0"/>
      <line num="140" count="3" type="stmt"/>
      <line num="141" count="10" type="cond" truecount="2" falsecount="0"/>
      <line num="145" count="8" type="stmt"/>
      <line num="148" count="3" type="stmt"/>
      <line num="152" count="3" type="cond" truecount="4" falsecount="0"/>
      <line num="153" count="2" type="stmt"/>
      <line num="154" count="2" type="cond" truecount="2" falsecount="0"/>
      <line num="156" count="2" type="cond" truecount="2" falsecount="0"/>
      <line num="157" count="1" type="stmt"/>
      <line num="161" count="6" type="cond" truecount="2" falsecount="0"/>
      <line num="162" count="1" type="stmt"/>
      <line num="164" count="5" type="cond" truecount="2" falsecount="0"/>
      <line num="165" count="1" type="stmt"/>
      <line num="167" count="4" type="cond" truecount="2" falsecount="0"/>
      <line num="168" count="1" type="stmt"/>
      <line num="170" count="3" type="cond" truecount="2" falsecount="0"/>
      <line num="171" count="1" type="stmt"/>
      <line num="177" count="1" type="stmt"/>
    </file>
  </project>
</coverage>
