<?xml version="1.0" encoding="UTF-8"?>
<coverage generated="1686623368426" clover="3.2.0">
  <project timestamp="1686623368426" name="All files">
    <metrics statements="89" coveredstatements="89" conditionals="28" coveredconditionals="28" methods="41" coveredmethods="41" elements="158" coveredelements="158" complexity="0" loc="89" ncloc="89" packages="1" files="1" classes="1"/>
    <file name="codigo.js" path="C:\Users\Martin\Projects\Test-FullStack\codigo.js">
      <metrics statements="89" coveredstatements="89" conditionals="28" coveredconditionals="28" methods="41" coveredmethods="41"/>
      <line num="2" count="1" type="stmt"/>
      <line num="22" count="1" type="stmt"/>
      <line num="60" count="1" type="stmt"/>
      <line num="62" count="1" type="stmt"/>
      <line num="63" count="25" type="stmt"/>
      <line num="64" count="29" type="stmt"/>
      <line num="65" count="4" type="stmt"/>
      <line num="67" count="1" type="stmt"/>
      <line num="68" count="2" type="stmt"/>
      <line num="80" count="1" type="stmt"/>
      <line num="82" count="2" type="stmt"/>
      <line num="84" count="1" type="stmt"/>
      <line num="85" count="10" type="stmt"/>
      <line num="87" count="6" type="stmt"/>
      <line num="89" count="1" type="stmt"/>
      <line num="90" count="3" type="stmt"/>
      <line num="93" count="1" type="stmt"/>
      <line num="94" count="1" type="stmt"/>
      <line num="95" count="1" type="stmt"/>
      <line num="96" count="10" type="stmt"/>
      <line num="97" count="7" type="stmt"/>
      <line num="100" count="1" type="stmt"/>
      <line num="104" count="1" type="stmt"/>
      <line num="105" count="1" type="stmt"/>
      <line num="107" count="1" type="stmt"/>
      <line num="108" count="2" type="stmt"/>
      <line num="110" count="1" type="stmt"/>
      <line num="111" count="6" type="stmt"/>
      <line num="112" count="2" type="stmt"/>
      <line num="116" count="2" type="stmt"/>
      <line num="117" count="2" type="stmt"/>
      <line num="120" count="1" type="stmt"/>
      <line num="121" count="4" type="stmt"/>
      <line num="122" count="27" type="stmt"/>
      <line num="124" count="4" type="stmt"/>
      <line num="125" count="5" type="stmt"/>
      <line num="127" count="4" type="cond" truecount="2" falsecount="0"/>
      <line num="130" count="1" type="stmt"/>
      <line num="131" count="3" type="stmt"/>
      <line num="132" count="20" type="cond" truecount="2" falsecount="0"/>
      <line num="135" count="1" type="stmt"/>
      <line num="136" count="3" type="stmt"/>
      <line num="137" count="10" type="cond" truecount="2" falsecount="0"/>
      <line num="140" count="1" type="stmt"/>
      <line num="141" count="8" type="stmt"/>
      <line num="143" count="1" type="stmt"/>
      <line num="144" count="3" type="stmt"/>
      <line num="145" count="3" type="cond" truecount="4" falsecount="0"/>
      <line num="146" count="2" type="stmt"/>
      <line num="148" count="2" type="cond" truecount="2" falsecount="0"/>
      <line num="151" count="2" type="cond" truecount="2" falsecount="0"/>
      <line num="152" count="1" type="stmt"/>
      <line num="155" count="1" type="stmt"/>
      <line num="156" count="6" type="cond" truecount="2" falsecount="0"/>
      <line num="157" count="1" type="stmt"/>
      <line num="159" count="5" type="cond" truecount="2" falsecount="0"/>
      <line num="160" count="1" type="stmt"/>
      <line num="162" count="4" type="cond" truecount="2" falsecount="0"/>
      <line num="163" count="1" type="stmt"/>
      <line num="165" count="3" type="cond" truecount="2" falsecount="0"/>
      <line num="166" count="1" type="stmt"/>
      <line num="171" count="1" type="stmt"/>
      <line num="172" count="3" type="stmt"/>
      <line num="173" count="24" type="stmt"/>
      <line num="175" count="3" type="stmt"/>
      <line num="176" count="4" type="stmt"/>
      <line num="178" count="3" type="cond" truecount="2" falsecount="0"/>
      <line num="179" count="1" type="stmt"/>
      <line num="180" count="2" type="stmt"/>
      <line num="181" count="4" type="cond" truecount="2" falsecount="0"/>
      <line num="182" count="2" type="stmt"/>
      <line num="186" count="1" type="stmt"/>
      <line num="187" count="3" type="stmt"/>
      <line num="188" count="3" type="cond" truecount="2" falsecount="0"/>
      <line num="189" count="1" type="stmt"/>
      <line num="190" count="2" type="stmt"/>
      <line num="191" count="2" type="stmt"/>
      <line num="192" count="2" type="stmt"/>
      <line num="196" count="1" type="stmt"/>
      <line num="197" count="2" type="stmt"/>
      <line num="198" count="30" type="stmt"/>
      <line num="199" count="12" type="stmt"/>
      <line num="200" count="1" type="stmt"/>
      <line num="201" count="8" type="stmt"/>
      <line num="204" count="1" type="stmt"/>
      <line num="205" count="1" type="stmt"/>
      <line num="206" count="1" type="stmt"/>
      <line num="207" count="1" type="stmt"/>
      <line num="209" count="1" type="stmt"/>
    </file>
  </project>
</coverage>
