{"C:\\Users\\Martin\\Projects\\Test-FullStack\\codigo.js": {"path":"C:\\Users\\Martin\\Projects\\Test-FullStack\\codigo.js","statementMap":{"0":{"start":{"line":2,"column":17},"end":{"line":19,"column":1}},"1":{"start":{"line":22,"column":18},"end":{"line":53,"column":1}},"2":{"start":{"line":57,"column":17},"end":{"line":74,"column":1}},"3":{"start":{"line":61,"column":16},"end":{"line":61,"column":43}},"4":{"start":{"line":61,"column":38},"end":{"line":61,"column":42}},"5":{"start":{"line":62,"column":19},"end":{"line":62,"column":45}},"6":{"start":{"line":62,"column":39},"end":{"line":62,"column":44}},"7":{"start":{"line":63,"column":4},"end":{"line":63,"column":25}},"8":{"start":{"line":66,"column":4},"end":{"line":72,"column":6}},"9":{"start":{"line":71,"column":36},"end":{"line":71,"column":46}},"10":{"start":{"line":77,"column":16},"end":{"line":77,"column":34}},"11":{"start":{"line":80,"column":26},"end":{"line":80,"column":48}},"12":{"start":{"line":80,"column":32},"end":{"line":80,"column":48}},"13":{"start":{"line":82,"column":29},"end":{"line":83,"column":47}},"14":{"start":{"line":83,"column":4},"end":{"line":83,"column":47}},"15":{"start":{"line":83,"column":28},"end":{"line":83,"column":46}},"16":{"start":{"line":85,"column":16},"end":{"line":90,"column":3}},"17":{"start":{"line":86,"column":4},"end":{"line":86,"column":42}},"18":{"start":{"line":87,"column":21},"end":{"line":87,"column":72}},"19":{"start":{"line":88,"column":4},"end":{"line":88,"column":29}},"20":{"start":{"line":89,"column":4},"end":{"line":89,"column":20}},"21":{"start":{"line":92,"column":16},"end":{"line":103,"column":3}},"22":{"start":{"line":93,"column":29},"end":{"line":96,"column":5}},"23":{"start":{"line":97,"column":4},"end":{"line":98,"column":76}},"24":{"start":{"line":98,"column":6},"end":{"line":98,"column":76}},"25":{"start":{"line":100,"column":4},"end":{"line":100,"column":69}},"26":{"start":{"line":100,"column":52},"end":{"line":100,"column":62}},"27":{"start":{"line":101,"column":4},"end":{"line":101,"column":50}},"28":{"start":{"line":102,"column":4},"end":{"line":102,"column":28}},"29":{"start":{"line":105,"column":31},"end":{"line":115,"column":3}},"30":{"start":{"line":106,"column":29},"end":{"line":108,"column":5}},"31":{"start":{"line":107,"column":13},"end":{"line":107,"column":44}},"32":{"start":{"line":109,"column":25},"end":{"line":109,"column":76}},"33":{"start":{"line":109,"column":55},"end":{"line":109,"column":75}},"34":{"start":{"line":110,"column":4},"end":{"line":111,"column":65}},"35":{"start":{"line":111,"column":6},"end":{"line":111,"column":65}},"36":{"start":{"line":112,"column":4},"end":{"line":114,"column":7}},"37":{"start":{"line":113,"column":6},"end":{"line":113,"column":55}},"38":{"start":{"line":113,"column":33},"end":{"line":113,"column":55}},"39":{"start":{"line":118,"column":21},"end":{"line":118,"column":56}},"40":{"start":{"line":119,"column":19},"end":{"line":119,"column":47}},"41":{"start":{"line":120,"column":26},"end":{"line":123,"column":1}},"42":{"start":{"line":121,"column":43},"end":{"line":121,"column":74}},"43":{"start":{"line":122,"column":28},"end":{"line":122,"column":50}},"44":{"start":{"line":125,"column":27},"end":{"line":175,"column":1}},"45":{"start":{"line":127,"column":29},"end":{"line":129,"column":5}},"46":{"start":{"line":128,"column":13},"end":{"line":128,"column":44}},"47":{"start":{"line":130,"column":26},"end":{"line":130,"column":78}},"48":{"start":{"line":130,"column":56},"end":{"line":130,"column":77}},"49":{"start":{"line":131,"column":4},"end":{"line":131,"column":40}},"50":{"start":{"line":135,"column":4},"end":{"line":137,"column":5}},"51":{"start":{"line":136,"column":13},"end":{"line":136,"column":65}},"52":{"start":{"line":140,"column":4},"end":{"line":142,"column":5}},"53":{"start":{"line":141,"column":13},"end":{"line":141,"column":65}},"54":{"start":{"line":145,"column":4},"end":{"line":145,"column":61}},"55":{"start":{"line":145,"column":29},"end":{"line":145,"column":60}},"56":{"start":{"line":148,"column":30},"end":{"line":151,"column":5}},"57":{"start":{"line":152,"column":4},"end":{"line":152,"column":70}},"58":{"start":{"line":152,"column":57},"end":{"line":152,"column":70}},"59":{"start":{"line":153,"column":27},"end":{"line":155,"column":5}},"60":{"start":{"line":154,"column":13},"end":{"line":154,"column":65}},"61":{"start":{"line":156,"column":4},"end":{"line":156,"column":37}},"62":{"start":{"line":156,"column":24},"end":{"line":156,"column":37}},"63":{"start":{"line":157,"column":4},"end":{"line":157,"column":16}},"64":{"start":{"line":161,"column":4},"end":{"line":162,"column":67}},"65":{"start":{"line":162,"column":6},"end":{"line":162,"column":67}},"66":{"start":{"line":164,"column":4},"end":{"line":165,"column":65}},"67":{"start":{"line":165,"column":6},"end":{"line":165,"column":65}},"68":{"start":{"line":167,"column":4},"end":{"line":168,"column":74}},"69":{"start":{"line":168,"column":6},"end":{"line":168,"column":74}},"70":{"start":{"line":170,"column":4},"end":{"line":173,"column":8}},"71":{"start":{"line":171,"column":6},"end":{"line":173,"column":8}},"72":{"start":{"line":177,"column":0},"end":{"line":182,"column":2}}},"fnMap":{"0":{"name":"(anonymous_0)","decl":{"start":{"line":60,"column":12},"end":{"line":60,"column":13}},"loc":{"start":{"line":60,"column":18},"end":{"line":64,"column":3}},"line":60},"1":{"name":"(anonymous_1)","decl":{"start":{"line":61,"column":31},"end":{"line":61,"column":32}},"loc":{"start":{"line":61,"column":38},"end":{"line":61,"column":42}},"line":61},"2":{"name":"(anonymous_2)","decl":{"start":{"line":62,"column":29},"end":{"line":62,"column":30}},"loc":{"start":{"line":62,"column":39},"end":{"line":62,"column":44}},"line":62},"3":{"name":"(anonymous_3)","decl":{"start":{"line":65,"column":7},"end":{"line":65,"column":8}},"loc":{"start":{"line":65,"column":32},"end":{"line":73,"column":3}},"line":65},"4":{"name":"(anonymous_4)","decl":{"start":{"line":71,"column":29},"end":{"line":71,"column":30}},"loc":{"start":{"line":71,"column":36},"end":{"line":71,"column":46}},"line":71},"5":{"name":"(anonymous_5)","decl":{"start":{"line":80,"column":26},"end":{"line":80,"column":27}},"loc":{"start":{"line":80,"column":32},"end":{"line":80,"column":48}},"line":80},"6":{"name":"(anonymous_6)","decl":{"start":{"line":82,"column":29},"end":{"line":82,"column":30}},"loc":{"start":{"line":83,"column":4},"end":{"line":83,"column":47}},"line":83},"7":{"name":"(anonymous_7)","decl":{"start":{"line":83,"column":21},"end":{"line":83,"column":22}},"loc":{"start":{"line":83,"column":28},"end":{"line":83,"column":46}},"line":83},"8":{"name":"(anonymous_8)","decl":{"start":{"line":85,"column":16},"end":{"line":85,"column":17}},"loc":{"start":{"line":85,"column":29},"end":{"line":90,"column":3}},"line":85},"9":{"name":"(anonymous_9)","decl":{"start":{"line":92,"column":16},"end":{"line":92,"column":17}},"loc":{"start":{"line":92,"column":41},"end":{"line":103,"column":3}},"line":92},"10":{"name":"(anonymous_10)","decl":{"start":{"line":100,"column":45},"end":{"line":100,"column":46}},"loc":{"start":{"line":100,"column":52},"end":{"line":100,"column":62}},"line":100},"11":{"name":"(anonymous_11)","decl":{"start":{"line":105,"column":31},"end":{"line":105,"column":32}},"loc":{"start":{"line":105,"column":49},"end":{"line":115,"column":3}},"line":105},"12":{"name":"(anonymous_12)","decl":{"start":{"line":107,"column":6},"end":{"line":107,"column":7}},"loc":{"start":{"line":107,"column":13},"end":{"line":107,"column":44}},"line":107},"13":{"name":"(anonymous_13)","decl":{"start":{"line":109,"column":48},"end":{"line":109,"column":49}},"loc":{"start":{"line":109,"column":55},"end":{"line":109,"column":75}},"line":109},"14":{"name":"(anonymous_14)","decl":{"start":{"line":112,"column":29},"end":{"line":112,"column":30}},"loc":{"start":{"line":112,"column":36},"end":{"line":114,"column":5}},"line":112},"15":{"name":"(anonymous_15)","decl":{"start":{"line":121,"column":25},"end":{"line":121,"column":26}},"loc":{"start":{"line":121,"column":43},"end":{"line":121,"column":74}},"line":121},"16":{"name":"(anonymous_16)","decl":{"start":{"line":122,"column":17},"end":{"line":122,"column":18}},"loc":{"start":{"line":122,"column":28},"end":{"line":122,"column":50}},"line":122},"17":{"name":"(anonymous_17)","decl":{"start":{"line":126,"column":22},"end":{"line":126,"column":23}},"loc":{"start":{"line":126,"column":40},"end":{"line":132,"column":3}},"line":126},"18":{"name":"(anonymous_18)","decl":{"start":{"line":128,"column":6},"end":{"line":128,"column":7}},"loc":{"start":{"line":128,"column":13},"end":{"line":128,"column":44}},"line":128},"19":{"name":"(anonymous_19)","decl":{"start":{"line":130,"column":49},"end":{"line":130,"column":50}},"loc":{"start":{"line":130,"column":56},"end":{"line":130,"column":77}},"line":130},"20":{"name":"(anonymous_20)","decl":{"start":{"line":134,"column":21},"end":{"line":134,"column":22}},"loc":{"start":{"line":135,"column":4},"end":{"line":137,"column":5}},"line":135},"21":{"name":"(anonymous_21)","decl":{"start":{"line":136,"column":6},"end":{"line":136,"column":7}},"loc":{"start":{"line":136,"column":13},"end":{"line":136,"column":65}},"line":136},"22":{"name":"(anonymous_22)","decl":{"start":{"line":139,"column":19},"end":{"line":139,"column":20}},"loc":{"start":{"line":140,"column":4},"end":{"line":142,"column":5}},"line":140},"23":{"name":"(anonymous_23)","decl":{"start":{"line":141,"column":6},"end":{"line":141,"column":7}},"loc":{"start":{"line":141,"column":13},"end":{"line":141,"column":65}},"line":141},"24":{"name":"(anonymous_24)","decl":{"start":{"line":144,"column":16},"end":{"line":144,"column":17}},"loc":{"start":{"line":145,"column":4},"end":{"line":145,"column":61}},"line":145},"25":{"name":"(anonymous_25)","decl":{"start":{"line":145,"column":22},"end":{"line":145,"column":23}},"loc":{"start":{"line":145,"column":29},"end":{"line":145,"column":60}},"line":145},"26":{"name":"(anonymous_26)","decl":{"start":{"line":147,"column":17},"end":{"line":147,"column":18}},"loc":{"start":{"line":147,"column":42},"end":{"line":158,"column":3}},"line":147},"27":{"name":"(anonymous_27)","decl":{"start":{"line":154,"column":6},"end":{"line":154,"column":7}},"loc":{"start":{"line":154,"column":13},"end":{"line":154,"column":65}},"line":154},"28":{"name":"(anonymous_28)","decl":{"start":{"line":160,"column":15},"end":{"line":160,"column":16}},"loc":{"start":{"line":160,"column":28},"end":{"line":174,"column":3}},"line":160}},"branchMap":{"0":{"loc":{"start":{"line":97,"column":4},"end":{"line":98,"column":76}},"type":"if","locations":[{"start":{"line":97,"column":4},"end":{"line":98,"column":76}},{"start":{},"end":{}}],"line":97},"1":{"loc":{"start":{"line":110,"column":4},"end":{"line":111,"column":65}},"type":"if","locations":[{"start":{"line":110,"column":4},"end":{"line":111,"column":65}},{"start":{},"end":{}}],"line":110},"2":{"loc":{"start":{"line":113,"column":6},"end":{"line":113,"column":55}},"type":"if","locations":[{"start":{"line":113,"column":6},"end":{"line":113,"column":55}},{"start":{},"end":{}}],"line":113},"3":{"loc":{"start":{"line":131,"column":11},"end":{"line":131,"column":39}},"type":"cond-expr","locations":[{"start":{"line":131,"column":27},"end":{"line":131,"column":31}},{"start":{"line":131,"column":34},"end":{"line":131,"column":39}}],"line":131},"4":{"loc":{"start":{"line":136,"column":13},"end":{"line":136,"column":65}},"type":"binary-expr","locations":[{"start":{"line":136,"column":13},"end":{"line":136,"column":44}},{"start":{"line":136,"column":48},"end":{"line":136,"column":65}}],"line":136},"5":{"loc":{"start":{"line":141,"column":13},"end":{"line":141,"column":65}},"type":"binary-expr","locations":[{"start":{"line":141,"column":13},"end":{"line":141,"column":44}},{"start":{"line":141,"column":48},"end":{"line":141,"column":65}}],"line":141},"6":{"loc":{"start":{"line":152,"column":4},"end":{"line":152,"column":70}},"type":"if","locations":[{"start":{"line":152,"column":4},"end":{"line":152,"column":70}},{"start":{},"end":{}}],"line":152},"7":{"loc":{"start":{"line":152,"column":8},"end":{"line":152,"column":55}},"type":"binary-expr","locations":[{"start":{"line":152,"column":8},"end":{"line":152,"column":26}},{"start":{"line":152,"column":30},"end":{"line":152,"column":55}}],"line":152},"8":{"loc":{"start":{"line":154,"column":13},"end":{"line":154,"column":65}},"type":"binary-expr","locations":[{"start":{"line":154,"column":13},"end":{"line":154,"column":38}},{"start":{"line":154,"column":42},"end":{"line":154,"column":65}}],"line":154},"9":{"loc":{"start":{"line":156,"column":4},"end":{"line":156,"column":37}},"type":"if","locations":[{"start":{"line":156,"column":4},"end":{"line":156,"column":37}},{"start":{},"end":{}}],"line":156},"10":{"loc":{"start":{"line":161,"column":4},"end":{"line":162,"column":67}},"type":"if","locations":[{"start":{"line":161,"column":4},"end":{"line":162,"column":67}},{"start":{},"end":{}}],"line":161},"11":{"loc":{"start":{"line":164,"column":4},"end":{"line":165,"column":65}},"type":"if","locations":[{"start":{"line":164,"column":4},"end":{"line":165,"column":65}},{"start":{},"end":{}}],"line":164},"12":{"loc":{"start":{"line":167,"column":4},"end":{"line":168,"column":74}},"type":"if","locations":[{"start":{"line":167,"column":4},"end":{"line":168,"column":74}},{"start":{},"end":{}}],"line":167},"13":{"loc":{"start":{"line":170,"column":4},"end":{"line":173,"column":8}},"type":"if","locations":[{"start":{"line":170,"column":4},"end":{"line":173,"column":8}},{"start":{},"end":{}}],"line":170}},"s":{"0":1,"1":1,"2":1,"3":4,"4":25,"5":4,"6":29,"7":4,"8":2,"9":2,"10":1,"11":1,"12":1,"13":1,"14":2,"15":10,"16":1,"17":6,"18":2,"19":2,"20":2,"21":1,"22":3,"23":3,"24":1,"25":2,"26":4,"27":2,"28":2,"29":1,"30":3,"31":24,"32":3,"33":4,"34":3,"35":1,"36":2,"37":4,"38":2,"39":1,"40":1,"41":1,"42":10,"43":7,"44":1,"45":4,"46":27,"47":4,"48":5,"49":4,"50":3,"51":20,"52":3,"53":10,"54":1,"55":8,"56":3,"57":3,"58":1,"59":2,"60":2,"61":2,"62":1,"63":1,"64":6,"65":1,"66":5,"67":1,"68":4,"69":1,"70":3,"71":1,"72":1},"f":{"0":4,"1":25,"2":29,"3":2,"4":2,"5":1,"6":2,"7":10,"8":6,"9":3,"10":4,"11":3,"12":24,"13":4,"14":4,"15":10,"16":7,"17":4,"18":27,"19":5,"20":3,"21":20,"22":3,"23":10,"24":1,"25":8,"26":3,"27":2,"28":6},"b":{"0":[1,2],"1":[1,2],"2":[2,2],"3":[1,3],"4":[20,3],"5":[10,2],"6":[1,2],"7":[3,3],"8":[2,2],"9":[1,1],"10":[1,5],"11":[1,4],"12":[1,3],"13":[1,2]},"_coverageSchema":"1a1c01bbd47fc00a2c39e90264f33305004495a9","hash":"67769f919a7834c976c2f644bb2b1d8c6dc6fd9d"}
}
