{"C:\\Users\\Martin\\Projects\\Test-FullStack\\codigo.js": {"path":"C:\\Users\\Martin\\Projects\\Test-FullStack\\codigo.js","statementMap":{"0":{"start":{"line":2,"column":17},"end":{"line":19,"column":1}},"1":{"start":{"line":22,"column":18},"end":{"line":53,"column":1}},"2":{"start":{"line":59,"column":33},"end":{"line":60,"column":45}},"3":{"start":{"line":60,"column":2},"end":{"line":60,"column":45}},"4":{"start":{"line":60,"column":26},"end":{"line":60,"column":44}},"5":{"start":{"line":69,"column":21},"end":{"line":69,"column":56}},"6":{"start":{"line":70,"column":30},"end":{"line":70,"column":79}},"7":{"start":{"line":70,"column":48},"end":{"line":70,"column":79}},"8":{"start":{"line":72,"column":17},"end":{"line":76,"column":1}},"9":{"start":{"line":73,"column":14},"end":{"line":73,"column":41}},"10":{"start":{"line":73,"column":36},"end":{"line":73,"column":40}},"11":{"start":{"line":74,"column":17},"end":{"line":74,"column":43}},"12":{"start":{"line":74,"column":37},"end":{"line":74,"column":42}},"13":{"start":{"line":75,"column":2},"end":{"line":75,"column":23}},"14":{"start":{"line":78,"column":27},"end":{"line":84,"column":1}},"15":{"start":{"line":79,"column":27},"end":{"line":81,"column":3}},"16":{"start":{"line":80,"column":11},"end":{"line":80,"column":42}},"17":{"start":{"line":82,"column":24},"end":{"line":82,"column":76}},"18":{"start":{"line":82,"column":54},"end":{"line":82,"column":75}},"19":{"start":{"line":83,"column":2},"end":{"line":83,"column":38}},"20":{"start":{"line":86,"column":24},"end":{"line":87,"column":78}},"21":{"start":{"line":87,"column":2},"end":{"line":87,"column":78}},"22":{"start":{"line":87,"column":25},"end":{"line":87,"column":77}},"23":{"start":{"line":88,"column":26},"end":{"line":91,"column":3}},"24":{"start":{"line":89,"column":2},"end":{"line":91,"column":3}},"25":{"start":{"line":90,"column":11},"end":{"line":90,"column":63}},"26":{"start":{"line":93,"column":22},"end":{"line":101,"column":1}},"27":{"start":{"line":94,"column":28},"end":{"line":94,"column":66}},"28":{"start":{"line":95,"column":2},"end":{"line":95,"column":68}},"29":{"start":{"line":95,"column":55},"end":{"line":95,"column":68}},"30":{"start":{"line":96,"column":25},"end":{"line":98,"column":3}},"31":{"start":{"line":97,"column":11},"end":{"line":97,"column":63}},"32":{"start":{"line":99,"column":2},"end":{"line":99,"column":35}},"33":{"start":{"line":99,"column":22},"end":{"line":99,"column":35}},"34":{"start":{"line":100,"column":2},"end":{"line":100,"column":14}},"35":{"start":{"line":103,"column":19},"end":{"line":103,"column":47}},"36":{"start":{"line":104,"column":22},"end":{"line":104,"column":55}},"37":{"start":{"line":104,"column":33},"end":{"line":104,"column":55}},"38":{"start":{"line":106,"column":21},"end":{"line":107,"column":59}},"39":{"start":{"line":107,"column":2},"end":{"line":107,"column":59}},"40":{"start":{"line":107,"column":27},"end":{"line":107,"column":58}},"41":{"start":{"line":109,"column":35},"end":{"line":122,"column":1}},"42":{"start":{"line":110,"column":27},"end":{"line":112,"column":3}},"43":{"start":{"line":111,"column":11},"end":{"line":111,"column":42}},"44":{"start":{"line":113,"column":23},"end":{"line":113,"column":74}},"45":{"start":{"line":113,"column":53},"end":{"line":113,"column":73}},"46":{"start":{"line":114,"column":2},"end":{"line":114,"column":80}},"47":{"start":{"line":114,"column":21},"end":{"line":114,"column":80}},"48":{"start":{"line":117,"column":2},"end":{"line":121,"column":5}},"49":{"start":{"line":118,"column":4},"end":{"line":120,"column":5}},"50":{"start":{"line":119,"column":6},"end":{"line":119,"column":28}},"51":{"start":{"line":125,"column":20},"end":{"line":149,"column":1}},"52":{"start":{"line":126,"column":27},"end":{"line":126,"column":63}},"53":{"start":{"line":127,"column":2},"end":{"line":128,"column":74}},"54":{"start":{"line":128,"column":4},"end":{"line":128,"column":74}},"55":{"start":{"line":138,"column":2},"end":{"line":138,"column":67}},"56":{"start":{"line":138,"column":50},"end":{"line":138,"column":60}},"57":{"start":{"line":146,"column":2},"end":{"line":146,"column":43}},"58":{"start":{"line":148,"column":2},"end":{"line":148,"column":26}},"59":{"start":{"line":151,"column":20},"end":{"line":183,"column":1}},"60":{"start":{"line":154,"column":2},"end":{"line":155,"column":65}},"61":{"start":{"line":155,"column":4},"end":{"line":155,"column":65}},"62":{"start":{"line":159,"column":2},"end":{"line":160,"column":72}},"63":{"start":{"line":160,"column":4},"end":{"line":160,"column":72}},"64":{"start":{"line":164,"column":2},"end":{"line":165,"column":63}},"65":{"start":{"line":165,"column":4},"end":{"line":165,"column":63}},"66":{"start":{"line":170,"column":2},"end":{"line":173,"column":6}},"67":{"start":{"line":171,"column":4},"end":{"line":173,"column":6}},"68":{"start":{"line":175,"column":19},"end":{"line":180,"column":3}},"69":{"start":{"line":179,"column":34},"end":{"line":179,"column":44}},"70":{"start":{"line":181,"column":2},"end":{"line":181,"column":27}},"71":{"start":{"line":182,"column":2},"end":{"line":182,"column":18}},"72":{"start":{"line":185,"column":0},"end":{"line":196,"column":2}}},"fnMap":{"0":{"name":"(anonymous_0)","decl":{"start":{"line":59,"column":33},"end":{"line":59,"column":34}},"loc":{"start":{"line":60,"column":2},"end":{"line":60,"column":45}},"line":60},"1":{"name":"(anonymous_1)","decl":{"start":{"line":60,"column":19},"end":{"line":60,"column":20}},"loc":{"start":{"line":60,"column":26},"end":{"line":60,"column":44}},"line":60},"2":{"name":"(anonymous_2)","decl":{"start":{"line":70,"column":30},"end":{"line":70,"column":31}},"loc":{"start":{"line":70,"column":48},"end":{"line":70,"column":79}},"line":70},"3":{"name":"(anonymous_3)","decl":{"start":{"line":72,"column":17},"end":{"line":72,"column":18}},"loc":{"start":{"line":72,"column":23},"end":{"line":76,"column":1}},"line":72},"4":{"name":"(anonymous_4)","decl":{"start":{"line":73,"column":29},"end":{"line":73,"column":30}},"loc":{"start":{"line":73,"column":36},"end":{"line":73,"column":40}},"line":73},"5":{"name":"(anonymous_5)","decl":{"start":{"line":74,"column":27},"end":{"line":74,"column":28}},"loc":{"start":{"line":74,"column":37},"end":{"line":74,"column":42}},"line":74},"6":{"name":"(anonymous_6)","decl":{"start":{"line":78,"column":27},"end":{"line":78,"column":28}},"loc":{"start":{"line":78,"column":45},"end":{"line":84,"column":1}},"line":78},"7":{"name":"(anonymous_7)","decl":{"start":{"line":80,"column":4},"end":{"line":80,"column":5}},"loc":{"start":{"line":80,"column":11},"end":{"line":80,"column":42}},"line":80},"8":{"name":"(anonymous_8)","decl":{"start":{"line":82,"column":47},"end":{"line":82,"column":48}},"loc":{"start":{"line":82,"column":54},"end":{"line":82,"column":75}},"line":82},"9":{"name":"(anonymous_9)","decl":{"start":{"line":86,"column":24},"end":{"line":86,"column":25}},"loc":{"start":{"line":87,"column":2},"end":{"line":87,"column":78}},"line":87},"10":{"name":"(anonymous_10)","decl":{"start":{"line":87,"column":18},"end":{"line":87,"column":19}},"loc":{"start":{"line":87,"column":25},"end":{"line":87,"column":77}},"line":87},"11":{"name":"(anonymous_11)","decl":{"start":{"line":88,"column":26},"end":{"line":88,"column":27}},"loc":{"start":{"line":89,"column":2},"end":{"line":91,"column":3}},"line":89},"12":{"name":"(anonymous_12)","decl":{"start":{"line":90,"column":4},"end":{"line":90,"column":5}},"loc":{"start":{"line":90,"column":11},"end":{"line":90,"column":63}},"line":90},"13":{"name":"(anonymous_13)","decl":{"start":{"line":93,"column":22},"end":{"line":93,"column":23}},"loc":{"start":{"line":93,"column":47},"end":{"line":101,"column":1}},"line":93},"14":{"name":"(anonymous_14)","decl":{"start":{"line":97,"column":4},"end":{"line":97,"column":5}},"loc":{"start":{"line":97,"column":11},"end":{"line":97,"column":63}},"line":97},"15":{"name":"(anonymous_15)","decl":{"start":{"line":104,"column":22},"end":{"line":104,"column":23}},"loc":{"start":{"line":104,"column":33},"end":{"line":104,"column":55}},"line":104},"16":{"name":"(anonymous_16)","decl":{"start":{"line":106,"column":21},"end":{"line":106,"column":22}},"loc":{"start":{"line":107,"column":2},"end":{"line":107,"column":59}},"line":107},"17":{"name":"(anonymous_17)","decl":{"start":{"line":107,"column":20},"end":{"line":107,"column":21}},"loc":{"start":{"line":107,"column":27},"end":{"line":107,"column":58}},"line":107},"18":{"name":"(anonymous_18)","decl":{"start":{"line":109,"column":35},"end":{"line":109,"column":36}},"loc":{"start":{"line":109,"column":53},"end":{"line":122,"column":1}},"line":109},"19":{"name":"(anonymous_19)","decl":{"start":{"line":111,"column":4},"end":{"line":111,"column":5}},"loc":{"start":{"line":111,"column":11},"end":{"line":111,"column":42}},"line":111},"20":{"name":"(anonymous_20)","decl":{"start":{"line":113,"column":46},"end":{"line":113,"column":47}},"loc":{"start":{"line":113,"column":53},"end":{"line":113,"column":73}},"line":113},"21":{"name":"(anonymous_21)","decl":{"start":{"line":117,"column":27},"end":{"line":117,"column":28}},"loc":{"start":{"line":117,"column":34},"end":{"line":121,"column":3}},"line":117},"22":{"name":"(anonymous_22)","decl":{"start":{"line":125,"column":20},"end":{"line":125,"column":21}},"loc":{"start":{"line":125,"column":45},"end":{"line":149,"column":1}},"line":125},"23":{"name":"(anonymous_23)","decl":{"start":{"line":138,"column":43},"end":{"line":138,"column":44}},"loc":{"start":{"line":138,"column":50},"end":{"line":138,"column":60}},"line":138},"24":{"name":"(anonymous_24)","decl":{"start":{"line":151,"column":20},"end":{"line":151,"column":21}},"loc":{"start":{"line":151,"column":33},"end":{"line":183,"column":1}},"line":151},"25":{"name":"(anonymous_25)","decl":{"start":{"line":179,"column":27},"end":{"line":179,"column":28}},"loc":{"start":{"line":179,"column":34},"end":{"line":179,"column":44}},"line":179}},"branchMap":{"0":{"loc":{"start":{"line":83,"column":9},"end":{"line":83,"column":37}},"type":"cond-expr","locations":[{"start":{"line":83,"column":25},"end":{"line":83,"column":29}},{"start":{"line":83,"column":32},"end":{"line":83,"column":37}}],"line":83},"1":{"loc":{"start":{"line":87,"column":25},"end":{"line":87,"column":77}},"type":"binary-expr","locations":[{"start":{"line":87,"column":25},"end":{"line":87,"column":56}},{"start":{"line":87,"column":60},"end":{"line":87,"column":77}}],"line":87},"2":{"loc":{"start":{"line":90,"column":11},"end":{"line":90,"column":63}},"type":"binary-expr","locations":[{"start":{"line":90,"column":11},"end":{"line":90,"column":42}},{"start":{"line":90,"column":46},"end":{"line":90,"column":63}}],"line":90},"3":{"loc":{"start":{"line":95,"column":2},"end":{"line":95,"column":68}},"type":"if","locations":[{"start":{"line":95,"column":2},"end":{"line":95,"column":68}},{"start":{},"end":{}}],"line":95},"4":{"loc":{"start":{"line":95,"column":6},"end":{"line":95,"column":53}},"type":"binary-expr","locations":[{"start":{"line":95,"column":6},"end":{"line":95,"column":24}},{"start":{"line":95,"column":28},"end":{"line":95,"column":53}}],"line":95},"5":{"loc":{"start":{"line":97,"column":11},"end":{"line":97,"column":63}},"type":"binary-expr","locations":[{"start":{"line":97,"column":11},"end":{"line":97,"column":36}},{"start":{"line":97,"column":40},"end":{"line":97,"column":63}}],"line":97},"6":{"loc":{"start":{"line":99,"column":2},"end":{"line":99,"column":35}},"type":"if","locations":[{"start":{"line":99,"column":2},"end":{"line":99,"column":35}},{"start":{},"end":{}}],"line":99},"7":{"loc":{"start":{"line":114,"column":2},"end":{"line":114,"column":80}},"type":"if","locations":[{"start":{"line":114,"column":2},"end":{"line":114,"column":80}},{"start":{},"end":{}}],"line":114},"8":{"loc":{"start":{"line":118,"column":4},"end":{"line":120,"column":5}},"type":"if","locations":[{"start":{"line":118,"column":4},"end":{"line":120,"column":5}},{"start":{},"end":{}}],"line":118},"9":{"loc":{"start":{"line":127,"column":2},"end":{"line":128,"column":74}},"type":"if","locations":[{"start":{"line":127,"column":2},"end":{"line":128,"column":74}},{"start":{},"end":{}}],"line":127},"10":{"loc":{"start":{"line":154,"column":2},"end":{"line":155,"column":65}},"type":"if","locations":[{"start":{"line":154,"column":2},"end":{"line":155,"column":65}},{"start":{},"end":{}}],"line":154},"11":{"loc":{"start":{"line":159,"column":2},"end":{"line":160,"column":72}},"type":"if","locations":[{"start":{"line":159,"column":2},"end":{"line":160,"column":72}},{"start":{},"end":{}}],"line":159},"12":{"loc":{"start":{"line":164,"column":2},"end":{"line":165,"column":63}},"type":"if","locations":[{"start":{"line":164,"column":2},"end":{"line":165,"column":63}},{"start":{},"end":{}}],"line":164},"13":{"loc":{"start":{"line":170,"column":2},"end":{"line":173,"column":6}},"type":"if","locations":[{"start":{"line":170,"column":2},"end":{"line":173,"column":6}},{"start":{},"end":{}}],"line":170}},"s":{"0":1,"1":1,"2":1,"3":2,"4":10,"5":1,"6":1,"7":10,"8":1,"9":4,"10":25,"11":4,"12":29,"13":4,"14":1,"15":5,"16":33,"17":5,"18":6,"19":5,"20":1,"21":3,"22":10,"23":1,"24":3,"25":20,"26":1,"27":3,"28":3,"29":1,"30":2,"31":2,"32":2,"33":1,"34":1,"35":1,"36":1,"37":6,"38":1,"39":1,"40":8,"41":1,"42":3,"43":24,"44":3,"45":4,"46":3,"47":1,"48":2,"49":4,"50":2,"51":1,"52":3,"53":3,"54":1,"55":2,"56":4,"57":2,"58":2,"59":1,"60":6,"61":1,"62":5,"63":1,"64":4,"65":1,"66":3,"67":1,"68":2,"69":2,"70":2,"71":2,"72":1},"f":{"0":2,"1":10,"2":10,"3":4,"4":25,"5":29,"6":5,"7":33,"8":6,"9":3,"10":10,"11":3,"12":20,"13":3,"14":2,"15":6,"16":1,"17":8,"18":3,"19":24,"20":4,"21":4,"22":3,"23":4,"24":6,"25":2},"b":{"0":[1,4],"1":[10,2],"2":[20,3],"3":[1,2],"4":[3,3],"5":[2,2],"6":[1,1],"7":[1,2],"8":[2,2],"9":[1,2],"10":[1,5],"11":[1,4],"12":[1,3],"13":[1,2]},"_coverageSchema":"1a1c01bbd47fc00a2c39e90264f33305004495a9","hash":"fb6bfaa365b80ba8f6a6fedefdb440d607c9e903"}
}
