TN:
SF:codigo.js
FN:59,(anonymous_0)
FN:62,(anonymous_1)
FN:63,(anonymous_2)
FN:64,(anonymous_3)
FN:67,(anonymous_4)
FN:79,(anonymous_5)
FN:82,(anonymous_6)
FN:84,(anonymous_7)
FN:85,(anonymous_8)
FN:87,(anonymous_9)
FN:89,(anonymous_10)
FN:96,(anonymous_11)
FN:97,(anonymous_12)
FN:103,(anonymous_13)
FN:107,(anonymous_14)
FN:110,(anonymous_15)
FN:120,(anonymous_16)
FN:122,(anonymous_17)
FN:125,(anonymous_18)
FN:130,(anonymous_19)
FN:132,(anonymous_20)
FN:135,(anonymous_21)
FN:137,(anonymous_22)
FN:140,(anonymous_23)
FN:141,(anonymous_24)
FN:143,(anonymous_25)
FN:147,(anonymous_26)
FN:155,(anonymous_27)
FN:171,(anonymous_28)
FN:173,(anonymous_29)
FN:176,(anonymous_30)
FN:180,(anonymous_31)
FN:186,(anonymous_32)
FN:197,(anonymous_33)
FN:197,(anonymous_34)
FN:198,(anonymous_35)
FN:198,(anonymous_36)
FN:199,(anonymous_37)
FN:199,(anonymous_38)
FN:200,(anonymous_39)
FN:201,(anonymous_40)
FNF:41
FNH:41
FNDA:1,(anonymous_0)
FNDA:4,(anonymous_1)
FNDA:25,(anonymous_2)
FNDA:29,(anonymous_3)
FNDA:2,(anonymous_4)
FNDA:1,(anonymous_5)
FNDA:2,(anonymous_6)
FNDA:2,(anonymous_7)
FNDA:10,(anonymous_8)
FNDA:6,(anonymous_9)
FNDA:3,(anonymous_10)
FNDA:10,(anonymous_11)
FNDA:7,(anonymous_12)
FNDA:1,(anonymous_13)
FNDA:2,(anonymous_14)
FNDA:6,(anonymous_15)
FNDA:4,(anonymous_16)
FNDA:27,(anonymous_17)
FNDA:5,(anonymous_18)
FNDA:3,(anonymous_19)
FNDA:20,(anonymous_20)
FNDA:3,(anonymous_21)
FNDA:10,(anonymous_22)
FNDA:1,(anonymous_23)
FNDA:8,(anonymous_24)
FNDA:3,(anonymous_25)
FNDA:2,(anonymous_26)
FNDA:6,(anonymous_27)
FNDA:3,(anonymous_28)
FNDA:24,(anonymous_29)
FNDA:4,(anonymous_30)
FNDA:4,(anonymous_31)
FNDA:3,(anonymous_32)
FNDA:3,(anonymous_33)
FNDA:3,(anonymous_34)
FNDA:17,(anonymous_35)
FNDA:34,(anonymous_36)
FNDA:6,(anonymous_37)
FNDA:18,(anonymous_38)
FNDA:2,(anonymous_39)
FNDA:8,(anonymous_40)
DA:2,1
DA:22,1
DA:60,1
DA:62,1
DA:63,25
DA:64,29
DA:65,4
DA:67,1
DA:68,2
DA:80,1
DA:82,2
DA:84,1
DA:85,10
DA:87,6
DA:89,1
DA:90,3
DA:93,1
DA:94,1
DA:95,1
DA:96,10
DA:97,7
DA:100,1
DA:104,1
DA:105,1
DA:107,1
DA:108,2
DA:110,1
DA:111,6
DA:112,2
DA:116,2
DA:117,2
DA:120,1
DA:121,4
DA:122,27
DA:124,4
DA:125,5
DA:127,4
DA:130,1
DA:131,3
DA:132,20
DA:135,1
DA:136,3
DA:137,10
DA:140,1
DA:141,8
DA:143,1
DA:144,3
DA:145,3
DA:146,2
DA:148,2
DA:151,2
DA:152,1
DA:155,1
DA:156,6
DA:157,1
DA:159,5
DA:160,1
DA:162,4
DA:163,1
DA:165,3
DA:166,1
DA:171,1
DA:172,3
DA:173,24
DA:175,3
DA:176,4
DA:178,3
DA:179,1
DA:180,2
DA:181,4
DA:182,2
DA:186,1
DA:187,3
DA:188,3
DA:189,1
DA:190,2
DA:191,2
DA:192,2
DA:196,1
DA:197,3
DA:198,34
DA:199,18
DA:200,1
DA:201,8
DA:204,1
DA:205,1
DA:206,1
DA:207,1
DA:209,1
LF:89
LH:89
BRDA:127,0,0,1
BRDA:127,0,1,3
BRDA:132,1,0,20
BRDA:132,1,1,3
BRDA:137,2,0,10
BRDA:137,2,1,2
BRDA:145,3,0,1
BRDA:145,3,1,2
BRDA:145,4,0,3
BRDA:145,4,1,3
BRDA:148,5,0,2
BRDA:148,5,1,2
BRDA:151,6,0,1
BRDA:151,6,1,1
BRDA:156,7,0,1
BRDA:156,7,1,5
BRDA:159,8,0,1
BRDA:159,8,1,4
BRDA:162,9,0,1
BRDA:162,9,1,3
BRDA:165,10,0,1
BRDA:165,10,1,2
BRDA:178,11,0,1
BRDA:178,11,1,2
BRDA:181,12,0,2
BRDA:181,12,1,2
BRDA:188,13,0,1
BRDA:188,13,1,2
BRF:28
BRH:28
end_of_record
