TN:
SF:codigo.js
FN:59,(anonymous_0)
FN:60,(anonymous_1)
FN:70,(anonymous_2)
FN:72,(anonymous_3)
FN:73,(anonymous_4)
FN:74,(anonymous_5)
FN:78,(anonymous_6)
FN:80,(anonymous_7)
FN:82,(anonymous_8)
FN:86,(anonymous_9)
FN:87,(anonymous_10)
FN:88,(anonymous_11)
FN:90,(anonymous_12)
FN:93,(anonymous_13)
FN:97,(anonymous_14)
FN:104,(anonymous_15)
FN:106,(anonymous_16)
FN:107,(anonymous_17)
FN:109,(anonymous_18)
FN:111,(anonymous_19)
FN:113,(anonymous_20)
FN:117,(anonymous_21)
FN:125,(anonymous_22)
FN:138,(anonymous_23)
FN:151,(anonymous_24)
FN:179,(anonymous_25)
FNF:26
FNH:26
FNDA:2,(anonymous_0)
FNDA:10,(anonymous_1)
FNDA:10,(anonymous_2)
FNDA:4,(anonymous_3)
FNDA:25,(anonymous_4)
FNDA:29,(anonymous_5)
FNDA:5,(anonymous_6)
FNDA:33,(anonymous_7)
FNDA:6,(anonymous_8)
FNDA:3,(anonymous_9)
FNDA:10,(anonymous_10)
FNDA:3,(anonymous_11)
FNDA:20,(anonymous_12)
FNDA:3,(anonymous_13)
FNDA:2,(anonymous_14)
FNDA:6,(anonymous_15)
FNDA:1,(anonymous_16)
FNDA:8,(anonymous_17)
FNDA:3,(anonymous_18)
FNDA:24,(anonymous_19)
FNDA:4,(anonymous_20)
FNDA:4,(anonymous_21)
FNDA:3,(anonymous_22)
FNDA:4,(anonymous_23)
FNDA:6,(anonymous_24)
FNDA:2,(anonymous_25)
DA:2,1
DA:22,1
DA:59,1
DA:60,10
DA:69,1
DA:70,10
DA:72,1
DA:73,25
DA:74,29
DA:75,4
DA:78,1
DA:79,5
DA:80,33
DA:82,6
DA:83,5
DA:86,1
DA:87,10
DA:88,1
DA:89,3
DA:90,20
DA:93,1
DA:94,3
DA:95,3
DA:96,2
DA:97,2
DA:99,2
DA:100,1
DA:103,1
DA:104,6
DA:106,1
DA:107,8
DA:109,1
DA:110,3
DA:111,24
DA:113,4
DA:114,3
DA:117,2
DA:118,4
DA:119,2
DA:125,1
DA:126,3
DA:127,3
DA:128,1
DA:138,4
DA:146,2
DA:148,2
DA:151,1
DA:154,6
DA:155,1
DA:159,5
DA:160,1
DA:164,4
DA:165,1
DA:170,3
DA:171,1
DA:175,2
DA:179,2
DA:181,2
DA:182,2
DA:185,1
LF:60
LH:60
BRDA:83,0,0,1
BRDA:83,0,1,4
BRDA:87,1,0,10
BRDA:87,1,1,2
BRDA:90,2,0,20
BRDA:90,2,1,3
BRDA:95,3,0,1
BRDA:95,3,1,2
BRDA:95,4,0,3
BRDA:95,4,1,3
BRDA:97,5,0,2
BRDA:97,5,1,2
BRDA:99,6,0,1
BRDA:99,6,1,1
BRDA:114,7,0,1
BRDA:114,7,1,2
BRDA:118,8,0,2
BRDA:118,8,1,2
BRDA:127,9,0,1
BRDA:127,9,1,2
BRDA:154,10,0,1
BRDA:154,10,1,5
BRDA:159,11,0,1
BRDA:159,11,1,4
BRDA:164,12,0,1
BRDA:164,12,1,3
BRDA:170,13,0,1
BRDA:170,13,1,2
BRF:28
BRH:28
end_of_record
